[2025-08-07T21:37:58.579] [DEBUG] debug-file - watch worker: send response to session manager. Response type: WatchLog
[2025-08-07T21:37:58.580] [DEBUG] debug-file - session manager: watch message received from worker 1. Type: WatchLog
[2025-08-07T21:37:58.579] [DEBUG] debug-file - watch worker: send response to session manager. Response type: WatchLog
[2025-08-07T21:37:58.580] [DEBUG] debug-file - session manager: watch message received from worker 1. Type: WatchLog
[2025-08-07T21:37:58.579] [DEBUG] debug-file - watch worker: send response to session manager. Response type: WatchLog
[2025-08-07T21:37:58.581] [DEBUG] debug-file - session manager: watch message received from worker 1. Type: WatchLog
[2025-08-07T21:37:58.580] [DEBUG] debug-file - watch worker: send response to session manager. Response type: WatchLog
[2025-08-07T21:37:58.581] [DEBUG] debug-file - session manager: watch message received from worker 1. Type: WatchLog
[2025-08-07T21:37:58.580] [DEBUG] debug-file - watch worker: send response to session manager. Response type: WatchLog
[2025-08-07T21:37:58.581] [DEBUG] debug-file - session manager: watch message received from worker 1. Type: WatchLog
[2025-08-07T21:37:58.581] [DEBUG] debug-file - watch worker: send response to session manager. Response type: WatchLog
[2025-08-07T21:37:58.582] [DEBUG] debug-file - session manager: watch message received from worker 1. Type: WatchLog
[2025-08-07T21:37:58.581] [DEBUG] debug-file - watch worker: send response to session manager. Response type: WatchLog
[2025-08-07T21:37:58.582] [DEBUG] debug-file - session manager: watch message received from worker 1. Type: WatchLog
[2025-08-07T21:37:58.581] [DEBUG] debug-file - watch worker: send response to session manager. Response type: WatchLog
[2025-08-07T21:37:58.583] [DEBUG] debug-file - session manager: watch message received from worker 1. Type: WatchLog
[2025-08-07T21:37:58.582] [DEBUG] debug-file - watch worker: send response to session manager. Response type: WatchLog
[2025-08-07T21:37:58.583] [DEBUG] debug-file - session manager: watch message received from worker 1. Type: WatchLog
[2025-08-07T21:37:58.582] [DEBUG] debug-file - watch worker: send response to session manager. Response type: WatchLog
[2025-08-07T21:37:58.583] [DEBUG] debug-file - session manager: watch message received from worker 1. Type: WatchLog
[2025-08-07T21:37:58.583] [DEBUG] debug-file - watch worker: send response to session manager. Response type: WatchLog
[2025-08-07T21:37:58.584] [DEBUG] debug-file - session manager: watch message received from worker 1. Type: WatchLog
[2025-08-07T21:37:58.583] [DEBUG] debug-file - watch worker: send response to session manager. Response type: WatchLog
[2025-08-07T21:37:58.584] [DEBUG] debug-file - session manager: watch message received from worker 1. Type: WatchLog
[2025-08-07T21:37:58.584] [DEBUG] debug-file - watch worker: send response to session manager. Response type: WatchLog
[2025-08-07T21:37:58.585] [DEBUG] debug-file - session manager: watch message received from worker 1. Type: WatchLog
[2025-08-07T21:37:58.584] [DEBUG] debug-file - watch worker: send response to session manager. Response type: WatchLog
[2025-08-07T21:37:58.585] [DEBUG] debug-file - session manager: watch message received from worker 1. Type: WatchLog
[2025-08-07T21:37:58.584] [DEBUG] debug-file - watch worker: send response to session manager. Response type: WatchLog
[2025-08-07T21:37:58.585] [DEBUG] debug-file - session manager: watch message received from worker 1. Type: WatchLog
[2025-08-07T21:37:58.585] [DEBUG] debug-file - watch worker: send response to session manager. Response type: WatchLog
[2025-08-07T21:37:58.586] [DEBUG] debug-file - session manager: watch message received from worker 1. Type: WatchLog
[2025-08-07T21:37:58.585] [DEBUG] debug-file - watch worker: send response to session manager. Response type: WatchLog
[2025-08-07T21:37:58.587] [DEBUG] debug-file - session manager: watch message received from worker 1. Type: WatchLog
[2025-08-07T21:37:58.586] [DEBUG] debug-file - watch worker: send response to session manager. Response type: WatchLog
[2025-08-07T21:37:58.597] [DEBUG] debug-file - session manager: watch message received from worker 1. Type: WatchLog
[2025-08-07T21:37:58.586] [DEBUG] debug-file - watch worker: send response to session manager. Response type: WatchLog
[2025-08-07T21:37:58.598] [DEBUG] debug-file - session manager: watch message received from worker 1. Type: WatchLog
[2025-08-07T21:37:58.587] [DEBUG] debug-file - watch worker: send response to session manager. Response type: WatchLog
[2025-08-07T21:37:58.598] [DEBUG] debug-file - session manager: watch message received from worker 1. Type: WatchLog
[2025-08-07T21:37:58.587] [DEBUG] debug-file - watch worker: send response to session manager. Response type: WatchLog
[2025-08-07T21:37:58.599] [DEBUG] debug-file - session manager: watch message received from worker 1. Type: WatchLog
[2025-08-07T21:37:58.588] [DEBUG] debug-file - watch worker: send response to session manager. Response type: WatchLog
[2025-08-07T21:37:58.599] [DEBUG] debug-file - session manager: watch message received from worker 1. Type: WatchLog
[2025-08-07T21:37:58.588] [DEBUG] debug-file - watch worker: send response to session manager. Response type: WatchLog
[2025-08-07T21:37:58.600] [DEBUG] debug-file - session manager: watch message received from worker 1. Type: WatchLog
[2025-08-07T21:37:58.588] [DEBUG] debug-file - watch worker: send response to session manager. Response type: WatchLog
[2025-08-07T21:37:58.600] [DEBUG] debug-file - session manager: watch message received from worker 1. Type: WatchLog
[2025-08-07T21:37:58.589] [DEBUG] debug-file - watch worker: send response to session manager. Response type: WatchLog
[2025-08-07T21:37:58.600] [DEBUG] debug-file - session manager: watch message received from worker 1. Type: WatchLog
[2025-08-07T21:37:58.590] [DEBUG] debug-file - watch worker: send response to session manager. Response type: WatchLog
[2025-08-07T21:37:58.601] [DEBUG] debug-file - session manager: watch message received from worker 1. Type: WatchLog
[2025-08-07T21:37:58.590] [DEBUG] debug-file - watch worker: send response to session manager. Response type: WatchLog
[2025-08-07T21:37:58.601] [DEBUG] debug-file - session manager: watch message received from worker 1. Type: WatchLog
[2025-08-07T21:37:58.591] [DEBUG] debug-file - watch worker: send response to session manager. Response type: WatchLog
[2025-08-07T21:37:58.602] [DEBUG] debug-file - session manager: watch message received from worker 1. Type: WatchLog
[2025-08-07T21:37:58.591] [DEBUG] debug-file - watch worker: send response to session manager. Response type: WatchLog
[2025-08-07T21:37:58.602] [DEBUG] debug-file - session manager: watch message received from worker 1. Type: WatchLog
[2025-08-07T21:37:58.592] [DEBUG] debug-file - watch worker: send response to session manager. Response type: WatchLog
[2025-08-07T21:37:58.602] [DEBUG] debug-file - session manager: watch message received from worker 1. Type: WatchLog
[2025-08-07T21:37:58.592] [DEBUG] debug-file - watch worker: send response to session manager. Response type: WatchLog
[2025-08-07T21:37:58.603] [DEBUG] debug-file - session manager: watch message received from worker 1. Type: WatchLog
[2025-08-07T21:37:58.592] [DEBUG] debug-file - watch worker: send response to session manager. Response type: WatchLog
[2025-08-07T21:37:58.603] [DEBUG] debug-file - session manager: watch message received from worker 1. Type: WatchLog
[2025-08-07T21:37:58.593] [DEBUG] debug-file - watch worker: send response to session manager. Response type: WatchLog
[2025-08-07T21:37:58.603] [DEBUG] debug-file - session manager: watch message received from worker 1. Type: WatchLog
[2025-08-07T21:37:58.593] [DEBUG] debug-file - watch worker: send response to session manager. Response type: WatchLog
[2025-08-07T21:37:58.604] [DEBUG] debug-file - session manager: watch message received from worker 1. Type: WatchLog
[2025-08-07T21:37:58.594] [DEBUG] debug-file - watch worker: send response to session manager. Response type: WatchLog
[2025-08-07T21:37:58.604] [DEBUG] debug-file - session manager: watch message received from worker 1. Type: WatchLog
[2025-08-07T21:37:58.594] [DEBUG] debug-file - watch worker: send response to session manager. Response type: WatchLog
[2025-08-07T21:37:58.604] [DEBUG] debug-file - session manager: watch message received from worker 1. Type: WatchLog
[2025-08-07T21:37:58.595] [DEBUG] debug-file - watch worker: send response to session manager. Response type: WatchLog
[2025-08-07T21:37:58.605] [DEBUG] debug-file - session manager: watch message received from worker 1. Type: WatchLog
[2025-08-07T21:37:58.595] [DEBUG] debug-file - watch worker: send response to session manager. Response type: WatchLog
[2025-08-07T21:37:58.605] [DEBUG] debug-file - session manager: watch message received from worker 1. Type: WatchLog
[2025-08-07T21:37:58.596] [DEBUG] debug-file - watch worker: send response to session manager. Response type: WatchLog
[2025-08-07T21:37:58.606] [DEBUG] debug-file - session manager: watch message received from worker 1. Type: WatchLog
[2025-08-07T21:37:58.596] [DEBUG] debug-file - watch worker: send response to session manager. Response type: WatchLog
[2025-08-07T21:37:58.606] [DEBUG] debug-file - session manager: watch message received from worker 1. Type: WatchLog
[2025-08-07T21:37:58.597] [DEBUG] debug-file - watch worker: send response to session manager. Response type: WatchLog
[2025-08-07T21:37:58.607] [DEBUG] debug-file - session manager: watch message received from worker 1. Type: WatchLog
[2025-08-07T21:37:58.597] [DEBUG] debug-file - watch worker: send response to session manager. Response type: WatchLog
[2025-08-07T21:37:58.607] [DEBUG] debug-file - session manager: watch message received from worker 1. Type: WatchLog
[2025-08-07T21:37:58.598] [DEBUG] debug-file - watch worker: send response to session manager. Response type: WatchLog
[2025-08-07T21:37:58.607] [DEBUG] debug-file - session manager: watch message received from worker 1. Type: WatchLog
[2025-08-07T21:37:58.598] [DEBUG] debug-file - watch worker: send response to session manager. Response type: WatchLog
[2025-08-07T21:37:58.608] [DEBUG] debug-file - session manager: watch message received from worker 1. Type: WatchLog
[2025-08-07T21:37:58.598] [DEBUG] debug-file - watch worker: send response to session manager. Response type: WatchLog
[2025-08-07T21:37:58.608] [DEBUG] debug-file - session manager: watch message received from worker 1. Type: WatchLog
[2025-08-07T21:37:58.599] [DEBUG] debug-file - watch worker: send response to session manager. Response type: WatchLog
[2025-08-07T21:37:58.609] [DEBUG] debug-file - session manager: watch message received from worker 1. Type: WatchLog
[2025-08-07T21:37:58.600] [DEBUG] debug-file - watch worker: send response to session manager. Response type: WatchLog
[2025-08-07T21:37:58.609] [DEBUG] debug-file - session manager: watch message received from worker 1. Type: WatchLog
[2025-08-07T21:37:58.600] [DEBUG] debug-file - watch worker: send response to session manager. Response type: WatchLog
[2025-08-07T21:37:58.610] [DEBUG] debug-file - session manager: watch message received from worker 1. Type: WatchLog
[2025-08-07T21:37:58.601] [DEBUG] debug-file - watch worker: send response to session manager. Response type: WatchLog
[2025-08-07T21:37:58.610] [DEBUG] debug-file - session manager: watch message received from worker 1. Type: WatchLog
[2025-08-07T21:37:58.601] [DEBUG] debug-file - watch worker: send response to session manager. Response type: WatchLog
[2025-08-07T21:37:58.610] [DEBUG] debug-file - session manager: watch message received from worker 1. Type: WatchLog
[2025-08-07T21:37:58.601] [DEBUG] debug-file - watch worker: send response to session manager. Response type: WatchLog
[2025-08-07T21:37:58.611] [DEBUG] debug-file - session manager: watch message received from worker 1. Type: WatchLog
[2025-08-07T21:37:58.602] [DEBUG] debug-file - watch worker: send response to session manager. Response type: WatchLog
[2025-08-07T21:37:58.611] [DEBUG] debug-file - session manager: watch message received from worker 1. Type: WatchLog
[2025-08-07T21:37:58.602] [DEBUG] debug-file - watch worker: send response to session manager. Response type: WatchLog
[2025-08-07T21:37:58.611] [DEBUG] debug-file - session manager: watch message received from worker 1. Type: WatchLog
[2025-08-07T21:37:58.603] [DEBUG] debug-file - watch worker: send response to session manager. Response type: WatchLog
[2025-08-07T21:37:58.612] [DEBUG] debug-file - session manager: watch message received from worker 1. Type: WatchLog
[2025-08-07T21:37:58.603] [DEBUG] debug-file - watch worker: send response to session manager. Response type: WatchLog
[2025-08-07T21:37:58.612] [DEBUG] debug-file - session manager: watch message received from worker 1. Type: WatchLog
[2025-08-07T21:37:58.603] [DEBUG] debug-file - watch worker: send response to session manager. Response type: WatchLog
[2025-08-07T21:37:58.613] [DEBUG] debug-file - session manager: watch message received from worker 1. Type: WatchLog
[2025-08-07T21:37:58.604] [DEBUG] debug-file - watch worker: send response to session manager. Response type: WatchLog
[2025-08-07T21:37:58.613] [DEBUG] debug-file - session manager: watch message received from worker 1. Type: WatchLog
[2025-08-07T21:37:58.605] [DEBUG] debug-file - watch worker: send response to session manager. Response type: WatchLog
[2025-08-07T21:37:58.614] [DEBUG] debug-file - session manager: watch message received from worker 1. Type: WatchLog
[2025-08-07T21:37:58.605] [DEBUG] debug-file - watch worker: send response to session manager. Response type: WatchLog
[2025-08-07T21:37:58.614] [DEBUG] debug-file - session manager: watch message received from worker 1. Type: WatchLog
[2025-08-07T21:37:58.605] [DEBUG] debug-file - watch worker: send response to session manager. Response type: WatchLog
[2025-08-07T21:37:58.614] [DEBUG] debug-file - session manager: watch message received from worker 1. Type: WatchLog
[2025-08-07T21:37:58.606] [DEBUG] debug-file - watch worker: send response to session manager. Response type: WatchLog
[2025-08-07T21:37:58.615] [DEBUG] debug-file - session manager: watch message received from worker 1. Type: WatchLog
[2025-08-07T21:37:58.606] [DEBUG] debug-file - watch worker: send response to session manager. Response type: WatchLog
[2025-08-07T21:37:58.615] [DEBUG] debug-file - session manager: watch message received from worker 1. Type: WatchLog
[2025-08-07T21:37:58.607] [DEBUG] debug-file - watch worker: send response to session manager. Response type: WatchLog
[2025-08-07T21:37:58.616] [DEBUG] debug-file - session manager: watch message received from worker 1. Type: WatchLog
[2025-08-07T21:37:58.607] [DEBUG] debug-file - watch worker: send response to session manager. Response type: WatchLog
[2025-08-07T21:37:58.616] [DEBUG] debug-file - session manager: watch message received from worker 1. Type: WatchLog
[2025-08-07T21:37:58.607] [DEBUG] debug-file - watch worker: send response to session manager. Response type: WatchLog
[2025-08-07T21:37:58.616] [DEBUG] debug-file - session manager: watch message received from worker 1. Type: WatchLog
[2025-08-07T21:37:58.608] [DEBUG] debug-file - watch worker: send response to session manager. Response type: WatchLog
[2025-08-07T21:37:58.617] [DEBUG] debug-file - session manager: watch message received from worker 1. Type: WatchLog
[2025-08-07T21:37:58.608] [DEBUG] debug-file - watch worker: send response to session manager. Response type: WatchLog
[2025-08-07T21:37:58.617] [DEBUG] debug-file - session manager: watch message received from worker 1. Type: WatchLog
[2025-08-07T21:37:58.609] [DEBUG] debug-file - watch worker: send response to session manager. Response type: WatchLog
[2025-08-07T21:37:58.617] [DEBUG] debug-file - session manager: watch message received from worker 1. Type: WatchLog
[2025-08-07T21:37:58.609] [DEBUG] debug-file - watch worker: send response to session manager. Response type: WatchLog
[2025-08-07T21:37:58.618] [DEBUG] debug-file - session manager: watch message received from worker 1. Type: WatchLog
[2025-08-07T21:37:58.610] [DEBUG] debug-file - watch worker: send response to session manager. Response type: WatchLog
[2025-08-07T21:37:58.618] [DEBUG] debug-file - session manager: watch message received from worker 1. Type: WatchLog
[2025-08-07T21:37:58.610] [DEBUG] debug-file - watch worker: send response to session manager. Response type: WatchLog
[2025-08-07T21:37:58.618] [DEBUG] debug-file - session manager: watch message received from worker 1. Type: WatchLog
[2025-08-07T21:37:58.611] [DEBUG] debug-file - watch worker: send response to session manager. Response type: WatchLog
[2025-08-07T21:37:58.619] [DEBUG] debug-file - session manager: watch message received from worker 1. Type: WatchLog
[2025-08-07T21:37:58.611] [DEBUG] debug-file - watch worker: send response to session manager. Response type: WatchLog
[2025-08-07T21:37:58.619] [DEBUG] debug-file - session manager: watch message received from worker 1. Type: WatchLog
[2025-08-07T21:37:58.611] [DEBUG] debug-file - watch worker: send response to session manager. Response type: WatchLog
[2025-08-07T21:37:58.620] [DEBUG] debug-file - session manager: watch message received from worker 1. Type: WatchLog
[2025-08-07T21:37:58.612] [DEBUG] debug-file - watch worker: send response to session manager. Response type: WatchLog
[2025-08-07T21:37:58.620] [DEBUG] debug-file - session manager: watch message received from worker 1. Type: WatchLog
[2025-08-07T21:37:58.612] [DEBUG] debug-file - watch worker: send response to session manager. Response type: WatchLog
[2025-08-07T21:37:58.620] [DEBUG] debug-file - session manager: watch message received from worker 1. Type: WatchLog
[2025-08-07T21:37:58.613] [DEBUG] debug-file - watch worker: send response to session manager. Response type: WatchLog
[2025-08-07T21:37:58.621] [DEBUG] debug-file - session manager: watch message received from worker 1. Type: WatchLog
[2025-08-07T21:37:58.613] [DEBUG] debug-file - watch worker: send response to session manager. Response type: WatchLog
[2025-08-07T21:37:58.621] [DEBUG] debug-file - session manager: watch message received from worker 1. Type: WatchLog
[2025-08-07T21:37:58.614] [DEBUG] debug-file - watch worker: send response to session manager. Response type: WatchLog
[2025-08-07T21:37:58.622] [DEBUG] debug-file - session manager: watch message received from worker 1. Type: WatchLog
[2025-08-07T21:37:58.614] [DEBUG] debug-file - watch worker: send response to session manager. Response type: WatchLog
[2025-08-07T21:37:58.622] [DEBUG] debug-file - session manager: watch message received from worker 1. Type: WatchLog
[2025-08-07T21:37:58.615] [DEBUG] debug-file - watch worker: send response to session manager. Response type: WatchLog
[2025-08-07T21:37:58.622] [DEBUG] debug-file - session manager: watch message received from worker 1. Type: WatchLog
[2025-08-07T21:37:58.615] [DEBUG] debug-file - watch worker: send response to session manager. Response type: WatchLog
[2025-08-07T21:37:58.623] [DEBUG] debug-file - session manager: watch message received from worker 1. Type: WatchLog
[2025-08-07T21:37:58.615] [DEBUG] debug-file - watch worker: send response to session manager. Response type: WatchLog
[2025-08-07T21:37:58.623] [DEBUG] debug-file - session manager: watch message received from worker 1. Type: WatchLog
[2025-08-07T21:37:58.616] [DEBUG] debug-file - watch worker: send response to session manager. Response type: WatchLog
[2025-08-07T21:37:58.624] [DEBUG] debug-file - session manager: watch message received from worker 1. Type: WatchLog
[2025-08-07T21:37:58.616] [DEBUG] debug-file - watch worker: send response to session manager. Response type: WatchLog
[2025-08-07T21:37:58.624] [DEBUG] debug-file - session manager: watch message received from worker 1. Type: WatchLog
[2025-08-07T21:37:58.617] [DEBUG] debug-file - watch worker: send response to session manager. Response type: WatchLog
[2025-08-07T21:37:58.624] [DEBUG] debug-file - session manager: watch message received from worker 1. Type: WatchLog
[2025-08-07T21:37:58.617] [DEBUG] debug-file - watch worker: send response to session manager. Response type: WatchLog
[2025-08-07T21:37:58.625] [DEBUG] debug-file - session manager: watch message received from worker 1. Type: WatchLog
[2025-08-07T21:37:58.617] [DEBUG] debug-file - watch worker: send response to session manager. Response type: WatchLog
[2025-08-07T21:37:58.625] [DEBUG] debug-file - session manager: watch message received from worker 1. Type: WatchLog
[2025-08-07T21:37:58.618] [DEBUG] debug-file - watch worker: send response to session manager. Response type: WatchLog
[2025-08-07T21:37:58.625] [DEBUG] debug-file - session manager: watch message received from worker 1. Type: WatchLog
[2025-08-07T21:37:58.618] [DEBUG] debug-file - watch worker: send response to session manager. Response type: WatchLog
[2025-08-07T21:37:58.626] [DEBUG] debug-file - session manager: watch message received from worker 1. Type: WatchLog
[2025-08-07T21:37:58.619] [DEBUG] debug-file - watch worker: send response to session manager. Response type: WatchLog
[2025-08-07T21:37:58.626] [DEBUG] debug-file - session manager: watch message received from worker 1. Type: WatchLog
[2025-08-07T21:37:58.619] [DEBUG] debug-file - watch worker: send response to session manager. Response type: WatchLog
[2025-08-07T21:37:58.627] [DEBUG] debug-file - session manager: watch message received from worker 1. Type: WatchLog
[2025-08-07T21:37:58.620] [DEBUG] debug-file - watch worker: send response to session manager. Response type: WatchLog
[2025-08-07T21:37:58.627] [DEBUG] debug-file - session manager: watch message received from worker 1. Type: WatchLog
[2025-08-07T21:37:58.620] [DEBUG] debug-file - watch worker: send response to session manager. Response type: WatchLog
[2025-08-07T21:37:58.627] [DEBUG] debug-file - session manager: watch message received from worker 1. Type: WatchLog
[2025-08-07T21:37:58.621] [DEBUG] debug-file - watch worker: send response to session manager. Response type: WatchLog
[2025-08-07T21:37:58.628] [DEBUG] debug-file - session manager: watch message received from worker 1. Type: WatchLog
[2025-08-07T21:37:58.621] [DEBUG] debug-file - watch worker: send response to session manager. Response type: WatchLog
[2025-08-07T21:37:58.629] [DEBUG] debug-file - session manager: watch message received from worker 1. Type: WatchLog
[2025-08-07T21:37:58.622] [DEBUG] debug-file - watch worker: send response to session manager. Response type: WatchLog
[2025-08-07T21:37:58.629] [DEBUG] debug-file - session manager: watch message received from worker 1. Type: WatchLog
[2025-08-07T21:37:58.622] [DEBUG] debug-file - watch worker: send response to session manager. Response type: WatchLog
[2025-08-07T21:37:58.629] [DEBUG] debug-file - session manager: watch message received from worker 1. Type: WatchLog
[2025-08-07T21:37:58.623] [DEBUG] debug-file - watch worker: send response to session manager. Response type: WatchLog
[2025-08-07T21:37:58.630] [DEBUG] debug-file - session manager: watch message received from worker 1. Type: WatchLog
[2025-08-07T21:37:58.623] [DEBUG] debug-file - watch worker: send response to session manager. Response type: WatchLog
[2025-08-07T21:37:58.630] [DEBUG] debug-file - session manager: watch message received from worker 1. Type: WatchLog
[2025-08-07T21:37:58.624] [DEBUG] debug-file - watch worker: send response to session manager. Response type: WatchLog
[2025-08-07T21:37:58.630] [DEBUG] debug-file - session manager: watch message received from worker 1. Type: WatchLog
[2025-08-07T21:37:58.624] [DEBUG] debug-file - watch worker: send response to session manager. Response type: WatchLog
[2025-08-07T21:37:58.631] [DEBUG] debug-file - session manager: watch message received from worker 1. Type: WatchLog
[2025-08-07T21:37:58.625] [DEBUG] debug-file - watch worker: send response to session manager. Response type: WatchLog
[2025-08-07T21:37:58.631] [DEBUG] debug-file - session manager: watch message received from worker 1. Type: WatchLog
[2025-08-07T21:37:58.625] [DEBUG] debug-file - watch worker: send response to session manager. Response type: WatchLog
[2025-08-07T21:37:58.632] [DEBUG] debug-file - session manager: watch message received from worker 1. Type: WatchLog
[2025-08-07T21:37:58.625] [DEBUG] debug-file - watch worker: send response to session manager. Response type: WatchLog
[2025-08-07T21:37:58.632] [DEBUG] debug-file - session manager: watch message received from worker 1. Type: WatchLog
[2025-08-07T21:37:58.626] [DEBUG] debug-file - watch worker: send response to session manager. Response type: WatchLog
[2025-08-07T21:37:58.632] [DEBUG] debug-file - session manager: watch message received from worker 1. Type: WatchLog
[2025-08-07T21:37:58.626] [DEBUG] debug-file - watch worker: send response to session manager. Response type: WatchLog
[2025-08-07T21:37:58.633] [DEBUG] debug-file - session manager: watch message received from worker 1. Type: WatchLog
[2025-08-07T21:37:58.627] [DEBUG] debug-file - watch worker: send response to session manager. Response type: WatchLog
[2025-08-07T21:37:58.633] [DEBUG] debug-file - session manager: watch message received from worker 1. Type: WatchLog
[2025-08-07T21:37:58.627] [DEBUG] debug-file - watch worker: send response to session manager. Response type: WatchLog
[2025-08-07T21:37:58.633] [DEBUG] debug-file - session manager: watch message received from worker 1. Type: WatchLog
[2025-08-07T21:37:58.628] [DEBUG] debug-file - watch worker: send response to session manager. Response type: WatchLog
[2025-08-07T21:37:58.634] [DEBUG] debug-file - session manager: watch message received from worker 1. Type: WatchLog
[2025-08-07T21:37:58.629] [DEBUG] debug-file - watch worker: send response to session manager. Response type: WatchLog
[2025-08-07T21:37:58.634] [DEBUG] debug-file - session manager: watch message received from worker 1. Type: WatchLog
[2025-08-07T21:37:58.629] [DEBUG] debug-file - watch worker: send response to session manager. Response type: WatchLog
[2025-08-07T21:37:58.635] [DEBUG] debug-file - session manager: watch message received from worker 1. Type: WatchLog
[2025-08-07T21:37:58.630] [DEBUG] debug-file - watch worker: send response to session manager. Response type: WatchLog
[2025-08-07T21:37:58.635] [DEBUG] debug-file - session manager: watch message received from worker 1. Type: WatchLog
[2025-08-07T21:37:58.630] [DEBUG] debug-file - watch worker: send response to session manager. Response type: WatchLog
[2025-08-07T21:37:58.635] [DEBUG] debug-file - session manager: watch message received from worker 1. Type: WatchLog
[2025-08-07T21:37:58.631] [DEBUG] debug-file - watch worker: send response to session manager. Response type: WatchLog
[2025-08-07T21:37:58.636] [DEBUG] debug-file - session manager: watch message received from worker 1. Type: WatchLog
[2025-08-07T21:37:58.631] [DEBUG] debug-file - watch worker: send response to session manager. Response type: WatchLog
[2025-08-07T21:37:58.636] [DEBUG] debug-file - session manager: watch message received from worker 1. Type: WatchLog
[2025-08-07T21:37:58.632] [DEBUG] debug-file - watch worker: send response to session manager. Response type: WatchLog
[2025-08-07T21:37:58.636] [DEBUG] debug-file - session manager: watch message received from worker 1. Type: WatchLog
[2025-08-07T21:37:58.632] [DEBUG] debug-file - watch worker: send response to session manager. Response type: WatchLog
[2025-08-07T21:37:58.637] [DEBUG] debug-file - session manager: watch message received from worker 1. Type: WatchLog
[2025-08-07T21:37:58.632] [DEBUG] debug-file - watch worker: send response to session manager. Response type: WatchLog
[2025-08-07T21:37:58.637] [DEBUG] debug-file - session manager: watch message received from worker 1. Type: WatchLog
[2025-08-07T21:37:58.633] [DEBUG] debug-file - watch worker: send response to session manager. Response type: WatchLog
[2025-08-07T21:37:58.638] [DEBUG] debug-file - session manager: watch message received from worker 1. Type: WatchLog
[2025-08-07T21:37:58.633] [DEBUG] debug-file - watch worker: send response to session manager. Response type: WatchLog
[2025-08-07T21:37:58.638] [DEBUG] debug-file - session manager: watch message received from worker 1. Type: WatchLog
[2025-08-07T21:37:58.634] [DEBUG] debug-file - watch worker: send response to session manager. Response type: WatchLog
[2025-08-07T21:37:58.639] [DEBUG] debug-file - session manager: watch message received from worker 1. Type: WatchLog
[2025-08-07T21:37:58.634] [DEBUG] debug-file - watch worker: send response to session manager. Response type: WatchLog
[2025-08-07T21:37:58.639] [DEBUG] debug-file - session manager: watch message received from worker 1. Type: WatchLog
[2025-08-07T21:37:58.634] [DEBUG] debug-file - watch worker: send response to session manager. Response type: WatchLog
[2025-08-07T21:37:58.639] [DEBUG] debug-file - session manager: watch message received from worker 1. Type: WatchLog
[2025-08-07T21:37:58.635] [DEBUG] debug-file - watch worker: send response to session manager. Response type: WatchLog
[2025-08-07T21:37:58.640] [DEBUG] debug-file - session manager: watch message received from worker 1. Type: WatchLog
[2025-08-07T21:37:58.635] [DEBUG] debug-file - watch worker: send response to session manager. Response type: WatchLog
[2025-08-07T21:37:58.640] [DEBUG] debug-file - session manager: watch message received from worker 1. Type: WatchLog
[2025-08-07T21:37:58.636] [DEBUG] debug-file - watch worker: send response to session manager. Response type: WatchLog
[2025-08-07T21:37:58.640] [DEBUG] debug-file - session manager: watch message received from worker 1. Type: WatchLog
[2025-08-07T21:37:58.636] [DEBUG] debug-file - watch worker: send response to session manager. Response type: WatchLog
[2025-08-07T21:37:58.641] [DEBUG] debug-file - session manager: watch message received from worker 1. Type: WatchLog
[2025-08-07T21:37:58.637] [DEBUG] debug-file - watch worker: send response to session manager. Response type: WatchLog
[2025-08-07T21:37:58.641] [DEBUG] debug-file - session manager: watch message received from worker 1. Type: WatchLog
[2025-08-07T21:37:58.637] [DEBUG] debug-file - watch worker: send response to session manager. Response type: WatchLog
[2025-08-07T21:37:58.642] [DEBUG] debug-file - session manager: watch message received from worker 1. Type: WatchLog
[2025-08-07T21:37:58.637] [DEBUG] debug-file - watch worker: send response to session manager. Response type: WatchLog
[2025-08-07T21:37:58.642] [DEBUG] debug-file - session manager: watch message received from worker 1. Type: WatchLog
[2025-08-07T21:37:58.638] [DEBUG] debug-file - watch worker: send response to session manager. Response type: WatchLog
[2025-08-07T21:37:58.642] [DEBUG] debug-file - session manager: watch message received from worker 1. Type: WatchLog
[2025-08-07T21:37:58.638] [DEBUG] debug-file - watch worker: send response to session manager. Response type: WatchLog
[2025-08-07T21:37:58.643] [DEBUG] debug-file - session manager: watch message received from worker 1. Type: WatchLog
[2025-08-07T21:37:58.639] [DEBUG] debug-file - watch worker: send response to session manager. Response type: WatchLog
[2025-08-07T21:37:58.643] [DEBUG] debug-file - session manager: watch message received from worker 1. Type: WatchLog
[2025-08-07T21:37:58.640] [DEBUG] debug-file - watch worker: send response to session manager. Response type: WatchLog
[2025-08-07T21:37:58.644] [DEBUG] debug-file - session manager: watch message received from worker 1. Type: WatchLog
[2025-08-07T21:37:58.640] [DEBUG] debug-file - watch worker: send response to session manager. Response type: WatchLog
[2025-08-07T21:37:58.644] [DEBUG] debug-file - session manager: watch message received from worker 1. Type: WatchLog
[2025-08-07T21:37:58.640] [DEBUG] debug-file - watch worker: send response to session manager. Response type: WatchLog
[2025-08-07T21:37:58.645] [DEBUG] debug-file - session manager: watch message received from worker 1. Type: WatchLog
[2025-08-07T21:37:58.641] [DEBUG] debug-file - watch worker: send response to session manager. Response type: WatchLog
[2025-08-07T21:37:58.645] [DEBUG] debug-file - session manager: watch message received from worker 1. Type: WatchLog
[2025-08-07T21:37:58.853] [DEBUG] debug-file - watch worker: send response to session manager. Response type: WatchLog
[2025-08-07T21:37:58.854] [DEBUG] debug-file - session manager: watch message received from worker 1. Type: WatchLog
[2025-08-07T21:37:58.854] [DEBUG] debug-file - watch worker: send response to session manager. Response type: WatchLog
[2025-08-07T21:37:58.855] [DEBUG] debug-file - session manager: watch message received from worker 1. Type: WatchLog
[2025-08-07T21:37:58.854] [DEBUG] debug-file - watch worker: send response to session manager. Response type: WatchLog
[2025-08-07T21:37:58.855] [DEBUG] debug-file - session manager: watch message received from worker 1. Type: WatchLog
[2025-08-07T21:37:58.855] [DEBUG] debug-file - watch worker: send response to session manager. Response type: WatchLog
[2025-08-07T21:37:58.856] [DEBUG] debug-file - session manager: watch message received from worker 1. Type: WatchLog
[2025-08-07T21:37:58.941] [DEBUG] debug-file - watch worker: send response to session manager. Response type: WatchLog
[2025-08-07T21:37:58.943] [DEBUG] debug-file - session manager: watch message received from worker 1. Type: WatchLog
[2025-08-07T21:37:58.942] [DEBUG] debug-file - watch worker: send response to session manager. Response type: WatchLog
[2025-08-07T21:37:58.943] [DEBUG] debug-file - session manager: watch message received from worker 1. Type: WatchLog
[2025-08-07T21:37:58.942] [DEBUG] debug-file - watch worker: send response to session manager. Response type: WatchLog
[2025-08-07T21:37:58.944] [DEBUG] debug-file - session manager: watch message received from worker 1. Type: WatchLog
[2025-08-07T21:37:58.943] [DEBUG] debug-file - watch worker: send response to session manager. Response type: WatchLog
[2025-08-07T21:37:58.944] [DEBUG] debug-file - session manager: watch message received from worker 1. Type: WatchLog
[2025-08-07T21:38:00.232] [DEBUG] debug-file - watch worker: send response to session manager. Response type: WatchResult
[2025-08-07T21:38:00.233] [DEBUG] debug-file - session manager: watch message received from worker 1. Type: WatchResult
[2025-08-07T21:38:00.233] [DEBUG] debug-file - watch worker: send response to session manager. Response type: WatchResult
[2025-08-07T21:38:00.234] [DEBUG] debug-file - session manager: watch message received from worker 1. Type: WatchResult
[2025-08-07T21:38:00.237] [INFO] debug-file - Finished :entry:default@HotReloadArkTS... after 7 s 566 ms 
[2025-08-07T21:38:00.240] [DEBUG] debug-file - jsonObjWithoutParam {} at undefined
[2025-08-07T21:38:00.240] [DEBUG] debug-file - jsonObjWithoutParam {"name":"entry","version":"1.0.0","description":"Please describe the basic information.","main":"","author":"","license":"","dependencies":{}} at undefined
[2025-08-07T21:38:00.240] [DEBUG] debug-file - Executing task :entry:default@GeneratePkgModuleJson
[2025-08-07T21:38:00.240] [DEBUG] debug-file - Task 'entry:default@GeneratePkgModuleJson' cost while wrapping incremental declarations: 1 ms 
[2025-08-07T21:38:00.241] [DEBUG] debug-file - Incremental task entry:default@GeneratePkgModuleJson pre-execution cost: 1 ms .
[2025-08-07T21:38:00.241] [DEBUG] debug-file - entry : default@GeneratePkgModuleJson cost memory 0.07036590576171875
[2025-08-07T21:38:00.241] [INFO] debug-file - UP-TO-DATE :entry:default@GeneratePkgModuleJson...  
[2025-08-07T21:38:00.243] [DEBUG] debug-file - jsonObjWithoutParam {} at undefined
[2025-08-07T21:38:00.243] [DEBUG] debug-file - jsonObjWithoutParam {"name":"entry","version":"1.0.0","description":"Please describe the basic information.","main":"","author":"","license":"","dependencies":{}} at undefined
[2025-08-07T21:38:00.247] [DEBUG] debug-file - Executing task :entry:default@PackageHap
[2025-08-07T21:38:00.258] [DEBUG] debug-file - entry:default@PackageHap is not up-to-date, since the input file 'D:\apps\deveco\tzb2025jbgs\entry\build\default\intermediates\loader_out\default\ets' has been changed.
[2025-08-07T21:38:00.258] [DEBUG] debug-file - Incremental task entry:default@PackageHap pre-execution cost: 11 ms .
[2025-08-07T21:38:00.258] [DEBUG] debug-file - jsonObjWithoutParam {} at undefined
[2025-08-07T21:38:00.258] [DEBUG] debug-file - jsonObjWithoutParam {"name":"entry","version":"1.0.0","description":"Please describe the basic information.","main":"","author":"","license":"","dependencies":{}} at undefined
[2025-08-07T21:38:00.260] [DEBUG] debug-file - Use tool [D:\apps\deveco\devecostudio-windows-5.1.0.828\DevEco Studio\sdk\default\openharmony\toolchains\lib\app_packing_tool.jar]
 [
  'java',
  '-Dfile.encoding=GBK',
  '-jar',
  'D:\\apps\\deveco\\devecostudio-windows-5.1.0.828\\DevEco Studio\\sdk\\default\\openharmony\\toolchains\\lib\\app_packing_tool.jar',
  '--mode',
  'hap',
  '--force',
  'true',
  '--lib-path',
  'D:\\apps\\deveco\\tzb2025jbgs\\entry\\build\\default\\intermediates\\stripped_native_libs\\default',
  '--json-path',
  'D:\\apps\\deveco\\tzb2025jbgs\\entry\\build\\default\\intermediates\\package\\default\\module.json',
  '--resources-path',
  'D:\\apps\\deveco\\tzb2025jbgs\\entry\\build\\default\\intermediates\\res\\default\\resources',
  '--index-path',
  'D:\\apps\\deveco\\tzb2025jbgs\\entry\\build\\default\\intermediates\\res\\default\\resources.index',
  '--pack-info-path',
  'D:\\apps\\deveco\\tzb2025jbgs\\entry\\build\\default\\outputs\\default\\pack.info',
  '--out-path',
  'D:\\apps\\deveco\\tzb2025jbgs\\entry\\build\\default\\outputs\\default\\entry-default-unsigned.hap',
  '--ets-path',
  'D:\\apps\\deveco\\tzb2025jbgs\\entry\\build\\default\\intermediates\\loader_out\\default\\ets',
  '--pkg-context-path',
  'D:\\apps\\deveco\\tzb2025jbgs\\entry\\build\\default\\intermediates\\loader\\default\\pkgContextInfo.json'
]
[2025-08-07T21:38:00.302] [DEBUG] debug-file - java daemon socket received message:{"code":0,"message":"pack success"}
[2025-08-07T21:38:00.305] [DEBUG] debug-file - entry : default@PackageHap cost memory -0.2673797607421875
[2025-08-07T21:38:00.305] [DEBUG] debug-file - runTaskFromQueue task cost before running: 7 s 890 ms 
[2025-08-07T21:38:00.306] [INFO] debug-file - Finished :entry:default@PackageHap... after 59 ms 
[2025-08-07T21:38:00.308] [DEBUG] debug-file - jsonObjWithoutParam {} at undefined
[2025-08-07T21:38:00.308] [DEBUG] debug-file - jsonObjWithoutParam {"name":"entry","version":"1.0.0","description":"Please describe the basic information.","main":"","author":"","license":"","dependencies":{}} at undefined
[2025-08-07T21:38:00.309] [DEBUG] debug-file - Executing task :entry:default@SignHap
[2025-08-07T21:38:00.310] [DEBUG] debug-file - entry:default@SignHap is not up-to-date, since the input file 'D:\apps\deveco\tzb2025jbgs\entry\build\default\outputs\default\entry-default-unsigned.hap' has been changed.
[2025-08-07T21:38:00.310] [DEBUG] debug-file - Incremental task entry:default@SignHap pre-execution cost: 1 ms .
[2025-08-07T21:38:00.310] [DEBUG] debug-file - jsonObjWithoutParam {} at undefined
[2025-08-07T21:38:00.310] [DEBUG] debug-file - jsonObjWithoutParam {"name":"entry","version":"1.0.0","description":"Please describe the basic information.","main":"","author":"","license":"","dependencies":{}} at undefined
[2025-08-07T21:38:00.324] [DEBUG] debug-file - java daemon socket close code:1000 reason:close by user
[2025-08-07T21:38:00.340] [DEBUG] debug-file - java daemon socket received message:{"code":0,"message":"verify profile success"}
[2025-08-07T21:38:00.343] [DEBUG] debug-file - java daemon socket close code:1000 reason:close by user
[2025-08-07T21:38:00.486] [DEBUG] debug-file - java daemon socket received message:{"code":0,"message":"sign app success"}
[2025-08-07T21:38:00.486] [DEBUG] debug-file - entry : default@SignHap cost memory 0.8594741821289062
[2025-08-07T21:38:00.486] [DEBUG] debug-file - runTaskFromQueue task cost before running: 8 s 71 ms 
[2025-08-07T21:38:00.487] [INFO] debug-file - Finished :entry:default@SignHap... after 178 ms 
[2025-08-07T21:38:00.488] [DEBUG] debug-file - jsonObjWithoutParam {} at undefined
[2025-08-07T21:38:00.488] [DEBUG] debug-file - jsonObjWithoutParam {"name":"entry","version":"1.0.0","description":"Please describe the basic information.","main":"","author":"","license":"","dependencies":{}} at undefined
[2025-08-07T21:38:00.489] [DEBUG] debug-file - Executing task :entry:default@CollectDebugSymbol
[2025-08-07T21:38:00.492] [DEBUG] debug-file - jsonObjWithoutParam {} at undefined
[2025-08-07T21:38:00.492] [DEBUG] debug-file - jsonObjWithoutParam {"name":"entry","version":"1.0.0","description":"Please describe the basic information.","main":"","author":"","license":"","dependencies":{}} at undefined
[2025-08-07T21:38:00.492] [DEBUG] debug-file - entry : default@CollectDebugSymbol cost memory 0.2176666259765625
[2025-08-07T21:38:00.492] [DEBUG] debug-file - runTaskFromQueue task cost before running: 8 s 76 ms 
[2025-08-07T21:38:00.492] [INFO] debug-file - Finished :entry:default@CollectDebugSymbol... after 3 ms 
[2025-08-07T21:38:00.493] [DEBUG] debug-file - Executing task :entry:assembleHap
[2025-08-07T21:38:00.493] [DEBUG] debug-file - entry : assembleHap cost memory 0.01143646240234375
[2025-08-07T21:38:00.493] [DEBUG] debug-file - runTaskFromQueue task cost before running: 8 s 77 ms 
[2025-08-07T21:38:00.493] [INFO] debug-file - Finished :entry:assembleHap... after 1 ms 
[2025-08-07T21:38:00.503] [DEBUG] debug-file - BUILD SUCCESSFUL in 8 s 88 ms 
[2025-08-07T21:38:00.503] [DEBUG] debug-file - There is no need to refresh cache, since the incremental task entry:default@PreBuild is up-to-date.
[2025-08-07T21:38:00.503] [DEBUG] debug-file - Update task entry:default@CreateModuleInfo output file:D:\apps\deveco\tzb2025jbgs\entry\build\default\generated\profile\default\ModuleInfo.ts cache.
[2025-08-07T21:38:00.503] [DEBUG] debug-file - Incremental task entry:default@CreateModuleInfo post-execution cost:1 ms .
[2025-08-07T21:38:00.503] [DEBUG] debug-file - There is no need to refresh cache, since the incremental task entry:default@GenerateMetadata is up-to-date.
[2025-08-07T21:38:00.503] [DEBUG] debug-file - There is no need to refresh cache, since the incremental task entry:default@MergeProfile is up-to-date.
[2025-08-07T21:38:00.503] [DEBUG] debug-file - There is no need to refresh cache, since the incremental task entry:default@CreateBuildProfile is up-to-date.
[2025-08-07T21:38:00.503] [DEBUG] debug-file - There is no need to refresh cache, since the incremental task entry:default@GeneratePkgContextInfo is up-to-date.
[2025-08-07T21:38:00.504] [DEBUG] debug-file - Update task entry:default@ProcessIntegratedHsp output file:D:\apps\deveco\tzb2025jbgs\build\cache\default\integrated_hsp\integratedHspCache.json cache.
[2025-08-07T21:38:00.504] [DEBUG] debug-file - Incremental task entry:default@ProcessIntegratedHsp post-execution cost:1 ms .
[2025-08-07T21:38:00.504] [DEBUG] debug-file - There is no need to refresh cache, since the incremental task entry:default@MakePackInfo is up-to-date.
[2025-08-07T21:38:00.504] [DEBUG] debug-file - Update task entry:default@SyscapTransform input file:D:\apps\deveco\devecostudio-windows-5.1.0.828\DevEco Studio\sdk\default\openharmony\toolchains\syscap_tool.exe cache by regenerate.
[2025-08-07T21:38:00.504] [DEBUG] debug-file - Update task entry:default@SyscapTransform input file:D:\apps\deveco\devecostudio-windows-5.1.0.828\DevEco Studio\sdk\default\openharmony\ets\api\device-define cache by regenerate.
[2025-08-07T21:38:00.505] [DEBUG] debug-file - Update task entry:default@SyscapTransform output file:D:\apps\deveco\tzb2025jbgs\entry\build\default\intermediates\syscap\default\rpcid.sc cache.
[2025-08-07T21:38:00.505] [DEBUG] debug-file - Incremental task entry:default@SyscapTransform post-execution cost:1 ms .
[2025-08-07T21:38:00.505] [DEBUG] debug-file - There is no need to refresh cache, since the incremental task entry:default@ProcessProfile is up-to-date.
[2025-08-07T21:38:00.505] [DEBUG] debug-file - There is no need to refresh cache, since the incremental task entry:default@ProcessRouterMap is up-to-date.
[2025-08-07T21:38:00.506] [DEBUG] debug-file - Update task entry:default@ProcessStartupConfig input file:D:\apps\deveco\tzb2025jbgs\entry\build\default\intermediates\loader\default\pkgContextInfo.json cache by regenerate.
[2025-08-07T21:38:00.506] [DEBUG] debug-file - Update task entry:default@ProcessStartupConfig output file:D:\apps\deveco\tzb2025jbgs\entry\build\default\intermediates\startup\default\startup_config.json cache.
[2025-08-07T21:38:00.506] [DEBUG] debug-file - Incremental task entry:default@ProcessStartupConfig post-execution cost:1 ms .
[2025-08-07T21:38:00.506] [DEBUG] debug-file - There is no need to refresh cache, since the incremental task entry:default@ProcessResource is up-to-date.
[2025-08-07T21:38:00.508] [DEBUG] debug-file - Update task entry:default@GenerateLoaderJson input file:D:\apps\deveco\tzb2025jbgs\entry\src\mock\mock-config.json5 cache by regenerate.
[2025-08-07T21:38:00.508] [DEBUG] debug-file - Update task entry:default@GenerateLoaderJson input file:D:\apps\deveco\tzb2025jbgs\entry\build\default\intermediates\loader\default\pkgContextInfo.json cache by regenerate.
[2025-08-07T21:38:00.509] [DEBUG] debug-file - Update task entry:default@GenerateLoaderJson input file:D:\apps\deveco\tzb2025jbgs\entry\build\default\intermediates\router_map\default\temp-router-map.json cache by regenerate.
[2025-08-07T21:38:00.509] [DEBUG] debug-file - Update task entry:default@GenerateLoaderJson output file:D:\apps\deveco\tzb2025jbgs\entry\build\default\intermediates\loader\default\loader.json cache.
[2025-08-07T21:38:00.509] [DEBUG] debug-file - Incremental task entry:default@GenerateLoaderJson post-execution cost:3 ms .
[2025-08-07T21:38:00.509] [DEBUG] debug-file - There is no need to refresh cache, since the incremental task entry:default@ProcessLibs is up-to-date.
[2025-08-07T21:38:00.509] [DEBUG] debug-file - There is no need to refresh cache, since the incremental task entry:default@CompileResource is up-to-date.
[2025-08-07T21:38:00.509] [DEBUG] debug-file - There is no need to refresh cache, since the incremental task entry:default@DoNativeStrip is up-to-date.
[2025-08-07T21:38:00.510] [DEBUG] debug-file - Update task entry:default@BuildJS input file:D:\apps\deveco\tzb2025jbgs\entry\build\default\intermediates\loader\default cache by regenerate.
[2025-08-07T21:38:00.511] [DEBUG] debug-file - Update task entry:default@BuildJS input file:D:\apps\deveco\tzb2025jbgs\oh_modules\.ohpm\@mcui+mccharts@2.8.9\oh_modules\@mcui\mccharts\index.ets cache by regenerate.
[2025-08-07T21:38:00.511] [DEBUG] debug-file - Update task entry:default@BuildJS input file:D:\apps\deveco\tzb2025jbgs\oh_modules\.ohpm\@luvi+lv-markdown-in@2.0.15\oh_modules\@luvi\lv-markdown-in\Index.js cache by regenerate.
[2025-08-07T21:38:00.511] [DEBUG] debug-file - Update task entry:default@BuildJS input file:D:\apps\deveco\tzb2025jbgs\oh_modules\.ohpm\@ohos+axios@2.2.6\oh_modules\@ohos\axios\index.js cache by regenerate.
[2025-08-07T21:38:00.511] [DEBUG] debug-file - Update task entry:default@BuildJS input file:D:\apps\deveco\tzb2025jbgs\oh_modules\.ohpm\@luvi+html2md@1.0.3\oh_modules\@luvi\html2md\Index.ets cache by regenerate.
[2025-08-07T21:38:00.511] [DEBUG] debug-file - Update task entry:default@BuildJS input file:D:\apps\deveco\tzb2025jbgs\entry\build\default\intermediates\res\default\resources\rawfile cache by regenerate.
[2025-08-07T21:38:00.513] [DEBUG] debug-file - Update task entry:default@BuildJS input file:D:\apps\deveco\tzb2025jbgs\entry\build\default\intermediates\res\default\ResourceTable.txt cache by regenerate.
[2025-08-07T21:38:00.513] [DEBUG] debug-file - Update task entry:default@BuildJS input file:D:\apps\deveco\tzb2025jbgs\entry\build\default\intermediates\res\default\ark_module.json cache by regenerate.
[2025-08-07T21:38:00.513] [DEBUG] debug-file - Update task entry:default@BuildJS input file:D:\apps\deveco\tzb2025jbgs\entry\build\default\intermediates\res\default\resources\base\profile cache by regenerate.
[2025-08-07T21:38:00.513] [DEBUG] debug-file - Update task entry:default@BuildJS input file:D:\apps\deveco\tzb2025jbgs\entry\build\default\intermediates\loader\default\pkgContextInfo.json cache by regenerate.
[2025-08-07T21:38:00.513] [DEBUG] debug-file - Update task entry:default@BuildJS output file:D:\apps\deveco\tzb2025jbgs\entry\build\default\intermediates\loader_out\default\js cache.
[2025-08-07T21:38:00.514] [DEBUG] debug-file - Incremental task entry:default@BuildJS post-execution cost:5 ms .
[2025-08-07T21:38:00.514] [DEBUG] debug-file - There is no need to refresh cache, since the incremental task entry:default@CacheNativeLibs is up-to-date.
[2025-08-07T21:38:00.516] [DEBUG] debug-file - Update task entry:default@HotReloadArkTS input file:D:\apps\deveco\tzb2025jbgs\entry\build\default\intermediates\loader\default cache from map.
[2025-08-07T21:38:00.516] [DEBUG] debug-file - Update task entry:default@HotReloadArkTS input file:D:\apps\deveco\tzb2025jbgs\oh_modules\.ohpm\@mcui+mccharts@2.8.9\oh_modules\@mcui\mccharts\index.ets cache by regenerate.
[2025-08-07T21:38:00.516] [DEBUG] debug-file - Update task entry:default@HotReloadArkTS input file:D:\apps\deveco\tzb2025jbgs\oh_modules\.ohpm\@luvi+lv-markdown-in@2.0.15\oh_modules\@luvi\lv-markdown-in\Index.js cache by regenerate.
[2025-08-07T21:38:00.516] [DEBUG] debug-file - Update task entry:default@HotReloadArkTS input file:D:\apps\deveco\tzb2025jbgs\oh_modules\.ohpm\@ohos+axios@2.2.6\oh_modules\@ohos\axios\index.js cache by regenerate.
[2025-08-07T21:38:00.516] [DEBUG] debug-file - Update task entry:default@HotReloadArkTS input file:D:\apps\deveco\tzb2025jbgs\oh_modules\.ohpm\@luvi+html2md@1.0.3\oh_modules\@luvi\html2md\Index.ets cache by regenerate.
[2025-08-07T21:38:00.516] [DEBUG] debug-file - Update task entry:default@HotReloadArkTS input file:D:\apps\deveco\tzb2025jbgs\oh_modules\.ohpm\@mcui+mccharts@2.8.9\oh_modules\@mcui\mccharts\src\main\ets cache by regenerate.
[2025-08-07T21:38:00.526] [DEBUG] debug-file - Update task entry:default@HotReloadArkTS input file:D:\apps\deveco\tzb2025jbgs\oh_modules\.ohpm\@luvi+lv-markdown-in@2.0.15\oh_modules\@luvi\lv-markdown-in\src\main\ets cache by regenerate.
[2025-08-07T21:38:00.536] [DEBUG] debug-file - Update task entry:default@HotReloadArkTS input file:D:\apps\deveco\tzb2025jbgs\oh_modules\.ohpm\@ohos+axios@2.2.6\oh_modules\@ohos\axios\src\main\ets cache by regenerate.
[2025-08-07T21:38:00.543] [DEBUG] debug-file - Update task entry:default@HotReloadArkTS input file:D:\apps\deveco\tzb2025jbgs\oh_modules\.ohpm\@luvi+html2md@1.0.3\oh_modules\@luvi\html2md\src\main\ets cache by regenerate.
[2025-08-07T21:38:00.544] [DEBUG] debug-file - Update task entry:default@HotReloadArkTS input file:D:\apps\deveco\tzb2025jbgs\entry\build\default\intermediates\res\default\resources\rawfile cache by regenerate.
[2025-08-07T21:38:00.545] [DEBUG] debug-file - Update task entry:default@HotReloadArkTS input file:D:\apps\deveco\tzb2025jbgs\entry\build\default\intermediates\res\default\ResourceTable.txt cache by regenerate.
[2025-08-07T21:38:00.545] [DEBUG] debug-file - Update task entry:default@HotReloadArkTS input file:D:\apps\deveco\tzb2025jbgs\entry\build\default\intermediates\res\default\ark_module.json cache by regenerate.
[2025-08-07T21:38:00.545] [DEBUG] debug-file - Update task entry:default@HotReloadArkTS input file:D:\apps\deveco\tzb2025jbgs\entry\build\default\intermediates\res\default\resources\base\profile cache by regenerate.
[2025-08-07T21:38:00.545] [DEBUG] debug-file - Update task entry:default@HotReloadArkTS input file:D:\apps\deveco\tzb2025jbgs\entry\src\main\ets cache by regenerate.
[2025-08-07T21:38:00.549] [DEBUG] debug-file - Update task entry:default@HotReloadArkTS input file:D:\apps\deveco\tzb2025jbgs\entry\build\default\intermediates\loader\default\pkgContextInfo.json cache by regenerate.
[2025-08-07T21:38:00.549] [DEBUG] debug-file - Update task entry:default@HotReloadArkTS input file:D:\apps\deveco\tzb2025jbgs\entry\build\default\generated\profile\default\BuildProfile.ets cache by regenerate.
[2025-08-07T21:38:00.549] [DEBUG] debug-file - Update task entry:default@HotReloadArkTS input file:D:\apps\deveco\tzb2025jbgs\entry\src\mock\mock-config.json5 cache by regenerate.
[2025-08-07T21:38:00.549] [DEBUG] debug-file - Update task entry:default@HotReloadArkTS output file:D:\apps\deveco\tzb2025jbgs\entry\build\default\intermediates\loader_out\default\ets cache.
[2025-08-07T21:38:00.550] [DEBUG] debug-file - Incremental task entry:default@HotReloadArkTS post-execution cost:37 ms .
[2025-08-07T21:38:00.550] [DEBUG] debug-file - There is no need to refresh cache, since the incremental task entry:default@GeneratePkgModuleJson is up-to-date.
[2025-08-07T21:38:00.551] [DEBUG] debug-file - Update task entry:default@PackageHap input file:D:\apps\deveco\tzb2025jbgs\entry\build\default\intermediates\stripped_native_libs\default cache by regenerate.
[2025-08-07T21:38:00.551] [DEBUG] debug-file - Update task entry:default@PackageHap input file:D:\apps\deveco\tzb2025jbgs\entry\build\default\intermediates\res\default\module.json cache by regenerate.
[2025-08-07T21:38:00.551] [DEBUG] debug-file - Update task entry:default@PackageHap input file:D:\apps\deveco\tzb2025jbgs\entry\build\default\intermediates\res\default\resources cache by regenerate.
[2025-08-07T21:38:00.558] [DEBUG] debug-file - Update task entry:default@PackageHap input file:D:\apps\deveco\tzb2025jbgs\entry\build\default\intermediates\res\default\resources.index cache by regenerate.
[2025-08-07T21:38:00.558] [DEBUG] debug-file - Update task entry:default@PackageHap input file:D:\apps\deveco\tzb2025jbgs\entry\build\default\outputs\default\pack.info cache by regenerate.
[2025-08-07T21:38:00.558] [DEBUG] debug-file - Update task entry:default@PackageHap input file:D:\apps\deveco\tzb2025jbgs\entry\build\default\intermediates\loader_out\default\ets cache from map.
[2025-08-07T21:38:00.558] [DEBUG] debug-file - Update task entry:default@PackageHap input file:D:\apps\deveco\tzb2025jbgs\entry\build\default\intermediates\loader\default\pkgContextInfo.json cache by regenerate.
[2025-08-07T21:38:00.558] [DEBUG] debug-file - Update task entry:default@PackageHap input file:D:\apps\deveco\tzb2025jbgs\entry\build\default\intermediates\loader_out\default\ets\sourceMaps.map cache by regenerate.
[2025-08-07T21:38:00.559] [DEBUG] debug-file - Update task entry:default@PackageHap input file:D:\apps\deveco\tzb2025jbgs\entry\build\default\generated\profile\default\BuildProfile.ets cache by regenerate.
[2025-08-07T21:38:00.559] [DEBUG] debug-file - Update task entry:default@PackageHap output file:D:\apps\deveco\tzb2025jbgs\entry\build\default\outputs\default\entry-default-unsigned.hap cache.
[2025-08-07T21:38:00.559] [DEBUG] debug-file - Update task entry:default@PackageHap output file:D:\apps\deveco\tzb2025jbgs\entry\build\default\intermediates\source_map\default\sourceMaps.map cache.
[2025-08-07T21:38:00.559] [DEBUG] debug-file - Update task entry:default@PackageHap output file:D:\apps\deveco\tzb2025jbgs\entry\build\default\outputs\default\mapping\sourceMaps.map cache.
[2025-08-07T21:38:00.559] [DEBUG] debug-file - Incremental task entry:default@PackageHap post-execution cost:10 ms .
[2025-08-07T21:38:00.559] [DEBUG] debug-file - Update task entry:default@SignHap input file:C:\Users\32186\.ohos\config\default_tzb2025jbgs_WTlURBLEwd1rboihcNZudGkQ8o51ZNbDCFCPp_6ulfw=.cer cache by regenerate.
[2025-08-07T21:38:00.559] [DEBUG] debug-file - Update task entry:default@SignHap input file:C:\Users\32186\.ohos\config\default_tzb2025jbgs_WTlURBLEwd1rboihcNZudGkQ8o51ZNbDCFCPp_6ulfw=.p7b cache by regenerate.
[2025-08-07T21:38:00.560] [DEBUG] debug-file - Update task entry:default@SignHap input file:C:\Users\32186\.ohos\config\default_tzb2025jbgs_WTlURBLEwd1rboihcNZudGkQ8o51ZNbDCFCPp_6ulfw=.p12 cache by regenerate.
[2025-08-07T21:38:00.560] [DEBUG] debug-file - Update task entry:default@SignHap input file:D:\apps\deveco\tzb2025jbgs\entry\build\default\outputs\default\entry-default-unsigned.hap cache from map.
[2025-08-07T21:38:00.560] [DEBUG] debug-file - Update task entry:default@SignHap output file:D:\apps\deveco\tzb2025jbgs\entry\build\default\outputs\default\entry-default-signed.hap cache.
[2025-08-07T21:38:00.560] [DEBUG] debug-file - Incremental task entry:default@SignHap post-execution cost:1 ms .
[2025-08-07T21:38:00.561] [DEBUG] debug-file - Update task entry:default@CollectDebugSymbol input file:D:\apps\deveco\tzb2025jbgs\entry\build\default\intermediates\loader_out\default\ets\sourceMaps.map cache by regenerate.
[2025-08-07T21:38:00.561] [DEBUG] debug-file - Update task entry:default@CollectDebugSymbol input file:D:\apps\deveco\tzb2025jbgs\entry\build\default\intermediates\libs\default cache by regenerate.
[2025-08-07T21:38:00.561] [DEBUG] debug-file - Update task entry:default@CollectDebugSymbol output file:D:\apps\deveco\tzb2025jbgs\entry\build\default\outputs\default\symbol cache.
[2025-08-07T21:38:00.562] [DEBUG] debug-file - Incremental task entry:default@CollectDebugSymbol post-execution cost:2 ms .
[2025-08-07T21:38:00.586] [DEBUG] debug-file - There's no busy workers and idle workers need cleanup.
[2025-08-07T21:38:00.586] [DEBUG] debug-file - hvigor build process will be closed.
[2025-08-07T21:38:00.586] [DEBUG] debug-file - java daemon socket close code:1000 reason:close by user
[2025-08-07T21:39:40.448] [DEBUG] debug-file - session manager: send message to worker process.
[2025-08-07T21:39:40.449] [DEBUG] debug-file - session manager: send message to worker process.
[2025-08-07T21:39:40.599] [DEBUG] debug-file - watch worker: worker is ready to be terminated.
[2025-08-07T21:39:40.599] [DEBUG] debug-file - Server currently has 0 watch-worker
